#
# There is insufficient memory for the Java Runtime Environment to continue.
# Native memory allocation (malloc) failed to allocate 2089296 bytes for Chunk::new
# Possible reasons:
#   The system is out of physical RAM or swap space
#   The process is running with CompressedOops enabled, and the Java Heap may be blocking the growth of the native heap
# Possible solutions:
#   Reduce memory load on the system
#   Increase physical memory or swap space
#   Check if swap backing store is full
#   Decrease Java heap size (-Xmx/-Xms)
#   Decrease number of Java threads
#   Decrease Java thread stack sizes (-Xss)
#   Set larger code cache with -XX:ReservedCodeCacheSize=
#   JVM is running with Unscaled Compressed Oops mode in which the Java heap is
#     placed in the first 4GB address space. The Java Heap base address is the
#     maximum limit for the native heap growth. Please use -XX:HeapBaseMinAddress
#     to set the Java Heap base and to place the Java Heap above 4GB virtual address.
# This output file may be truncated or incomplete.
#
#  Out of Memory Error (./open/src/hotspot/share/memory/arena.cpp:195), pid=9136, tid=11280
#
# JRE version: Java(TM) SE Runtime Environment (15.0.2+7) (build 15.0.2+7-27)
# Java VM: Java HotSpot(TM) 64-Bit Server VM (15.0.2+7-27, mixed mode, sharing, tiered, compressed oops, g1 gc, windows-amd64)
# No core dump will be written. Minidumps are not enabled by default on client versions of Windows
#

---------------  S U M M A R Y ------------

Command Line: -ea -Didea.test.cyclic.buffer.size=1048576 -javaagent:G:\IntelliJ IDEA Community Edition 2021.3.1\lib\idea_rt.jar=52782:G:\IntelliJ IDEA Community Edition 2021.3.1\bin -Dfile.encoding=UTF-8 com.intellij.rt.testng.RemoteTestNGStarter -usedefaultlisteners false -socket52781 @w@C:\Users\thinkpad\AppData\Local\Temp\idea_working_dirs_testng.tmp -temp C:\Users\thinkpad\AppData\Local\Temp\idea_testng.tmp

Host: Intel(R) Core(TM) i5-4200M CPU @ 2.50GHz, 4 cores, 7G,  Windows 10 , 64 bit Build 19041 (10.0.19041.1566)
Time: Sun Apr 17 20:41:16 2022 SE Asia Standard Time elapsed time: 4.240555 seconds (0d 0h 0m 4s)

---------------  T H R E A D  ---------------

Current thread (0x000001b95468f4d0):  JavaThread "C2 CompilerThread1" daemon [_thread_in_native, id=11280, stack(0x000000b8fd800000,0x000000b8fd900000)]


Current CompileTask:
C2:   4240 2056       4       java.lang.invoke.MethodType::makeImpl (108 bytes)

Stack: [0x000000b8fd800000,0x000000b8fd900000]
Native frames: (J=compiled Java code, j=interpreted, Vv=VM code, C=native code)
V  [jvm.dll+0x62ae9a]
V  [jvm.dll+0x7817a9]
V  [jvm.dll+0x782f03]
V  [jvm.dll+0x783563]
V  [jvm.dll+0x216325]
V  [jvm.dll+0x97f3a]
V  [jvm.dll+0x9861c]
V  [jvm.dll+0x32e2a8]
V  [jvm.dll+0x2f768a]
V  [jvm.dll+0x2f6a4a]
V  [jvm.dll+0x1ea705]
V  [jvm.dll+0x1e996e]
V  [jvm.dll+0x178567]
V  [jvm.dll+0x1f9225]
V  [jvm.dll+0x1f72cc]
V  [jvm.dll+0x74495d]
V  [jvm.dll+0x73d75a]
V  [jvm.dll+0x629c56]
C  [ucrtbase.dll+0x21bb2]
C  [KERNEL32.DLL+0x17034]
C  [ntdll.dll+0x52651]


---------------  P R O C E S S  ---------------

Threads class SMR info:
_java_thread_list=0x000001b95528a5b0, length=16, elements={
0x000001b934c7fd70, 0x000001b952ea9fe0, 0x000001b952eaaac0, 0x000001b952ebeed0,
0x000001b952ec37b0, 0x000001b952ec7090, 0x000001b952ec7c80, 0x000001b952ecad30,
0x000001b953842c30, 0x000001b952e8ac80, 0x000001b9539b43a0, 0x000001b9539b4870,
0x000001b95468f4d0, 0x000001b95474f710, 0x000001b9548a6110, 0x000001b954a19fd0
}

Java Threads: ( => current thread )
  0x000001b934c7fd70 JavaThread "Forwarding newSession on session null to remote" [_thread_in_Java, id=12716, stack(0x000000b8fc200000,0x000000b8fc300000)]
  0x000001b952ea9fe0 JavaThread "Reference Handler" daemon [_thread_blocked, id=6220, stack(0x000000b8fc900000,0x000000b8fca00000)]
  0x000001b952eaaac0 JavaThread "Finalizer" daemon [_thread_blocked, id=11528, stack(0x000000b8fca00000,0x000000b8fcb00000)]
  0x000001b952ebeed0 JavaThread "Signal Dispatcher" daemon [_thread_blocked, id=13784, stack(0x000000b8fcb00000,0x000000b8fcc00000)]
  0x000001b952ec37b0 JavaThread "Attach Listener" daemon [_thread_blocked, id=10208, stack(0x000000b8fcc00000,0x000000b8fcd00000)]
  0x000001b952ec7090 JavaThread "Service Thread" daemon [_thread_blocked, id=7804, stack(0x000000b8fcd00000,0x000000b8fce00000)]
  0x000001b952ec7c80 JavaThread "C2 CompilerThread0" daemon [_thread_in_vm, id=12784, stack(0x000000b8fce00000,0x000000b8fcf00000)]
  0x000001b952ecad30 JavaThread "C1 CompilerThread0" daemon [_thread_blocked, id=3212, stack(0x000000b8fcf00000,0x000000b8fd000000)]
  0x000001b953842c30 JavaThread "Sweeper thread" daemon [_thread_blocked, id=7164, stack(0x000000b8fd000000,0x000000b8fd100000)]
  0x000001b952e8ac80 JavaThread "Common-Cleaner" daemon [_thread_blocked, id=640, stack(0x000000b8fd100000,0x000000b8fd200000)]
  0x000001b9539b43a0 JavaThread "Monitor Ctrl-Break" daemon [_thread_in_native, id=11568, stack(0x000000b8fd200000,0x000000b8fd300000)]
  0x000001b9539b4870 JavaThread "Notification Thread" daemon [_thread_blocked, id=9708, stack(0x000000b8fd300000,0x000000b8fd400000)]
=>0x000001b95468f4d0 JavaThread "C2 CompilerThread1" daemon [_thread_in_native, id=11280, stack(0x000000b8fd800000,0x000000b8fd900000)]
  0x000001b95474f710 JavaThread "ForkJoinPool.commonPool-worker-3" daemon [_thread_blocked, id=12076, stack(0x000000b8fd900000,0x000000b8fda00000)]
  0x000001b9548a6110 JavaThread "ForkJoinPool.commonPool-worker-5" daemon [_thread_blocked, id=5092, stack(0x000000b8fda00000,0x000000b8fdb00000)]
  0x000001b954a19fd0 JavaThread "ForkJoinPool.commonPool-worker-7" daemon [_thread_blocked, id=12712, stack(0x000000b8fdb00000,0x000000b8fdc00000)]

Other Threads:
  0x000001b952ea5090 VMThread "VM Thread" [stack: 0x000000b8fc800000,0x000000b8fc900000] [id=14248]
  0x000001b953941d40 WatcherThread [stack: 0x000000b8fd400000,0x000000b8fd500000] [id=9108]
  0x000001b934cbfb10 GCTaskThread "GC Thread#0" [stack: 0x000000b8fc300000,0x000000b8fc400000] [id=7244]
  0x000001b953d47f70 GCTaskThread "GC Thread#1" [stack: 0x000000b8fd500000,0x000000b8fd600000] [id=10688]
  0x000001b953d45930 GCTaskThread "GC Thread#2" [stack: 0x000000b8fd600000,0x000000b8fd700000] [id=1720]
  0x000001b934cd0870 ConcurrentGCThread "G1 Main Marker" [stack: 0x000000b8fc400000,0x000000b8fc500000] [id=5892]
  0x000001b934cd2380 ConcurrentGCThread "G1 Conc#0" [stack: 0x000000b8fc500000,0x000000b8fc600000] [id=13552]
  0x000001b934d49710 ConcurrentGCThread "G1 Refine#0" [stack: 0x000000b8fc600000,0x000000b8fc700000] [id=4004]
  0x000001b9545efc60 ConcurrentGCThread "G1 Refine#1" [stack: 0x000000b8fd700000,0x000000b8fd800000] [id=4576]
  0x000001b934d4a220 ConcurrentGCThread "G1 Young RemSet Sampling" [stack: 0x000000b8fc700000,0x000000b8fc800000] [id=8800]

Threads with active compile tasks:
C2 CompilerThread0     4276 2087       4       java.io.DataInputStream::readChar (40 bytes)
C2 CompilerThread1     4276 2056       4       java.lang.invoke.MethodType::makeImpl (108 bytes)

VM state: not at safepoint (normal execution)

VM Mutex/Monitor currently owned by a thread: None

Heap address: 0x0000000081800000, size: 2024 MB, Compressed Oops mode: 32-bit
CDS archive(s) mapped at: [0x0000000800000000-0x0000000800b50000-0x0000000800b50000), size 11862016, SharedBaseAddress: 0x0000000800000000, ArchiveRelocationMode: 0.
Compressed class space mapped at: 0x0000000800b50000-0x0000000840b50000, size: 1073741824
Narrow klass base: 0x0000000800000000, Narrow klass shift: 3, Narrow klass range: 0x100000000

GC Precious Log:
 CPUs: 4 total, 4 available
 Memory: 8088M
 Large Page Support: Disabled
 NUMA Support: Disabled
 Compressed Oops: Enabled (32-bit)
 Heap Region Size: 1M
 Heap Min Capacity: 8M
 Heap Initial Capacity: 128M
 Heap Max Capacity: 2024M
 Pre-touch: Disabled
 Parallel Workers: 4
 Concurrent Workers: 1
 Concurrent Refinement Workers: 4
 Periodic GC: Disabled

Heap:
 garbage-first heap   total 131072K, used 18656K [0x0000000081800000, 0x0000000100000000)
  region size 1024K, 15 young (15360K), 4 survivors (4096K)
 Metaspace       used 18069K, capacity 18386K, committed 18688K, reserved 1064960K
  class space    used 2084K, capacity 2194K, committed 2304K, reserved 1048576K

Heap Regions: E=young(eden), S=young(survivor), O=old, HS=humongous(starts), HC=humongous(continues), CS=collection set, F=free, OA=open archive, CA=closed archive, TAMS=top-at-mark-start (previous, next)
|   0|0x0000000081800000, 0x0000000081900000, 0x0000000081900000|100%| O|  |TAMS 0x0000000081800000, 0x0000000081800000| Untracked 
|   1|0x0000000081900000, 0x0000000081a00000, 0x0000000081a00000|100%| O|  |TAMS 0x0000000081900000, 0x0000000081900000| Untracked 
|   2|0x0000000081a00000, 0x0000000081b00000, 0x0000000081b00000|100%| O|  |TAMS 0x0000000081a00000, 0x0000000081a00000| Untracked 
|   3|0x0000000081b00000, 0x0000000081c00000, 0x0000000081c00000|100%| O|  |TAMS 0x0000000081b00000, 0x0000000081b00000| Untracked 
|   4|0x0000000081c00000, 0x0000000081cf4800, 0x0000000081d00000| 95%| O|  |TAMS 0x0000000081c00000, 0x0000000081c00000| Untracked 
|   5|0x0000000081d00000, 0x0000000081d00000, 0x0000000081e00000|  0%| F|  |TAMS 0x0000000081d00000, 0x0000000081d00000| Untracked 
|   6|0x0000000081e00000, 0x0000000081e00000, 0x0000000081f00000|  0%| F|  |TAMS 0x0000000081e00000, 0x0000000081e00000| Untracked 
|   7|0x0000000081f00000, 0x0000000081f00000, 0x0000000082000000|  0%| F|  |TAMS 0x0000000081f00000, 0x0000000081f00000| Untracked 
|   8|0x0000000082000000, 0x0000000082000000, 0x0000000082100000|  0%| F|  |TAMS 0x0000000082000000, 0x0000000082000000| Untracked 
|   9|0x0000000082100000, 0x0000000082100000, 0x0000000082200000|  0%| F|  |TAMS 0x0000000082100000, 0x0000000082100000| Untracked 
|  10|0x0000000082200000, 0x0000000082200000, 0x0000000082300000|  0%| F|  |TAMS 0x0000000082200000, 0x0000000082200000| Untracked 
|  11|0x0000000082300000, 0x0000000082300000, 0x0000000082400000|  0%| F|  |TAMS 0x0000000082300000, 0x0000000082300000| Untracked 
|  12|0x0000000082400000, 0x0000000082400000, 0x0000000082500000|  0%| F|  |TAMS 0x0000000082400000, 0x0000000082400000| Untracked 
|  13|0x0000000082500000, 0x0000000082500000, 0x0000000082600000|  0%| F|  |TAMS 0x0000000082500000, 0x0000000082500000| Untracked 
|  14|0x0000000082600000, 0x0000000082600000, 0x0000000082700000|  0%| F|  |TAMS 0x0000000082600000, 0x0000000082600000| Untracked 
|  15|0x0000000082700000, 0x0000000082700000, 0x0000000082800000|  0%| F|  |TAMS 0x0000000082700000, 0x0000000082700000| Untracked 
|  16|0x0000000082800000, 0x0000000082800000, 0x0000000082900000|  0%| F|  |TAMS 0x0000000082800000, 0x0000000082800000| Untracked 
|  17|0x0000000082900000, 0x0000000082900000, 0x0000000082a00000|  0%| F|  |TAMS 0x0000000082900000, 0x0000000082900000| Untracked 
|  18|0x0000000082a00000, 0x0000000082a00000, 0x0000000082b00000|  0%| F|  |TAMS 0x0000000082a00000, 0x0000000082a00000| Untracked 
|  19|0x0000000082b00000, 0x0000000082b00000, 0x0000000082c00000|  0%| F|  |TAMS 0x0000000082b00000, 0x0000000082b00000| Untracked 
|  20|0x0000000082c00000, 0x0000000082c00000, 0x0000000082d00000|  0%| F|  |TAMS 0x0000000082c00000, 0x0000000082c00000| Untracked 
|  21|0x0000000082d00000, 0x0000000082d00000, 0x0000000082e00000|  0%| F|  |TAMS 0x0000000082d00000, 0x0000000082d00000| Untracked 
|  22|0x0000000082e00000, 0x0000000082e00000, 0x0000000082f00000|  0%| F|  |TAMS 0x0000000082e00000, 0x0000000082e00000| Untracked 
|  23|0x0000000082f00000, 0x0000000082f00000, 0x0000000083000000|  0%| F|  |TAMS 0x0000000082f00000, 0x0000000082f00000| Untracked 
|  24|0x0000000083000000, 0x0000000083000000, 0x0000000083100000|  0%| F|  |TAMS 0x0000000083000000, 0x0000000083000000| Untracked 
|  25|0x0000000083100000, 0x0000000083100000, 0x0000000083200000|  0%| F|  |TAMS 0x0000000083100000, 0x0000000083100000| Untracked 
|  26|0x0000000083200000, 0x0000000083200000, 0x0000000083300000|  0%| F|  |TAMS 0x0000000083200000, 0x0000000083200000| Untracked 
|  27|0x0000000083300000, 0x0000000083300000, 0x0000000083400000|  0%| F|  |TAMS 0x0000000083300000, 0x0000000083300000| Untracked 
|  28|0x0000000083400000, 0x0000000083400000, 0x0000000083500000|  0%| F|  |TAMS 0x0000000083400000, 0x0000000083400000| Untracked 
|  29|0x0000000083500000, 0x0000000083500000, 0x0000000083600000|  0%| F|  |TAMS 0x0000000083500000, 0x0000000083500000| Untracked 
|  30|0x0000000083600000, 0x0000000083600000, 0x0000000083700000|  0%| F|  |TAMS 0x0000000083600000, 0x0000000083600000| Untracked 
|  31|0x0000000083700000, 0x0000000083700000, 0x0000000083800000|  0%| F|  |TAMS 0x0000000083700000, 0x0000000083700000| Untracked 
|  32|0x0000000083800000, 0x0000000083800000, 0x0000000083900000|  0%| F|  |TAMS 0x0000000083800000, 0x0000000083800000| Untracked 
|  33|0x0000000083900000, 0x0000000083900000, 0x0000000083a00000|  0%| F|  |TAMS 0x0000000083900000, 0x0000000083900000| Untracked 
|  34|0x0000000083a00000, 0x0000000083a00000, 0x0000000083b00000|  0%| F|  |TAMS 0x0000000083a00000, 0x0000000083a00000| Untracked 
|  35|0x0000000083b00000, 0x0000000083b00000, 0x0000000083c00000|  0%| F|  |TAMS 0x0000000083b00000, 0x0000000083b00000| Untracked 
|  36|0x0000000083c00000, 0x0000000083c00000, 0x0000000083d00000|  0%| F|  |TAMS 0x0000000083c00000, 0x0000000083c00000| Untracked 
|  37|0x0000000083d00000, 0x0000000083d00000, 0x0000000083e00000|  0%| F|  |TAMS 0x0000000083d00000, 0x0000000083d00000| Untracked 
|  38|0x0000000083e00000, 0x0000000083e00000, 0x0000000083f00000|  0%| F|  |TAMS 0x0000000083e00000, 0x0000000083e00000| Untracked 
|  39|0x0000000083f00000, 0x0000000083f00000, 0x0000000084000000|  0%| F|  |TAMS 0x0000000083f00000, 0x0000000083f00000| Untracked 
|  40|0x0000000084000000, 0x0000000084000000, 0x0000000084100000|  0%| F|  |TAMS 0x0000000084000000, 0x0000000084000000| Untracked 
|  41|0x0000000084100000, 0x0000000084100000, 0x0000000084200000|  0%| F|  |TAMS 0x0000000084100000, 0x0000000084100000| Untracked 
|  42|0x0000000084200000, 0x0000000084200000, 0x0000000084300000|  0%| F|  |TAMS 0x0000000084200000, 0x0000000084200000| Untracked 
|  43|0x0000000084300000, 0x0000000084300000, 0x0000000084400000|  0%| F|  |TAMS 0x0000000084300000, 0x0000000084300000| Untracked 
|  44|0x0000000084400000, 0x0000000084400000, 0x0000000084500000|  0%| F|  |TAMS 0x0000000084400000, 0x0000000084400000| Untracked 
|  45|0x0000000084500000, 0x0000000084500000, 0x0000000084600000|  0%| F|  |TAMS 0x0000000084500000, 0x0000000084500000| Untracked 
|  46|0x0000000084600000, 0x0000000084600000, 0x0000000084700000|  0%| F|  |TAMS 0x0000000084600000, 0x0000000084600000| Untracked 
|  47|0x0000000084700000, 0x0000000084700000, 0x0000000084800000|  0%| F|  |TAMS 0x0000000084700000, 0x0000000084700000| Untracked 
|  48|0x0000000084800000, 0x0000000084800000, 0x0000000084900000|  0%| F|  |TAMS 0x0000000084800000, 0x0000000084800000| Untracked 
|  49|0x0000000084900000, 0x0000000084900000, 0x0000000084a00000|  0%| F|  |TAMS 0x0000000084900000, 0x0000000084900000| Untracked 
|  50|0x0000000084a00000, 0x0000000084a00000, 0x0000000084b00000|  0%| F|  |TAMS 0x0000000084a00000, 0x0000000084a00000| Untracked 
|  51|0x0000000084b00000, 0x0000000084b00000, 0x0000000084c00000|  0%| F|  |TAMS 0x0000000084b00000, 0x0000000084b00000| Untracked 
|  52|0x0000000084c00000, 0x0000000084c00000, 0x0000000084d00000|  0%| F|  |TAMS 0x0000000084c00000, 0x0000000084c00000| Untracked 
|  53|0x0000000084d00000, 0x0000000084d00000, 0x0000000084e00000|  0%| F|  |TAMS 0x0000000084d00000, 0x0000000084d00000| Untracked 
|  54|0x0000000084e00000, 0x0000000084e00000, 0x0000000084f00000|  0%| F|  |TAMS 0x0000000084e00000, 0x0000000084e00000| Untracked 
|  55|0x0000000084f00000, 0x0000000084f00000, 0x0000000085000000|  0%| F|  |TAMS 0x0000000084f00000, 0x0000000084f00000| Untracked 
|  56|0x0000000085000000, 0x0000000085000000, 0x0000000085100000|  0%| F|  |TAMS 0x0000000085000000, 0x0000000085000000| Untracked 
|  57|0x0000000085100000, 0x0000000085100000, 0x0000000085200000|  0%| F|  |TAMS 0x0000000085100000, 0x0000000085100000| Untracked 
|  58|0x0000000085200000, 0x0000000085200000, 0x0000000085300000|  0%| F|  |TAMS 0x0000000085200000, 0x0000000085200000| Untracked 
|  59|0x0000000085300000, 0x0000000085300000, 0x0000000085400000|  0%| F|  |TAMS 0x0000000085300000, 0x0000000085300000| Untracked 
|  60|0x0000000085400000, 0x0000000085400000, 0x0000000085500000|  0%| F|  |TAMS 0x0000000085400000, 0x0000000085400000| Untracked 
|  61|0x0000000085500000, 0x0000000085500000, 0x0000000085600000|  0%| F|  |TAMS 0x0000000085500000, 0x0000000085500000| Untracked 
|  62|0x0000000085600000, 0x0000000085600000, 0x0000000085700000|  0%| F|  |TAMS 0x0000000085600000, 0x0000000085600000| Untracked 
|  63|0x0000000085700000, 0x0000000085700000, 0x0000000085800000|  0%| F|  |TAMS 0x0000000085700000, 0x0000000085700000| Untracked 
|  64|0x0000000085800000, 0x0000000085800000, 0x0000000085900000|  0%| F|  |TAMS 0x0000000085800000, 0x0000000085800000| Untracked 
|  65|0x0000000085900000, 0x0000000085900000, 0x0000000085a00000|  0%| F|  |TAMS 0x0000000085900000, 0x0000000085900000| Untracked 
|  66|0x0000000085a00000, 0x0000000085a00000, 0x0000000085b00000|  0%| F|  |TAMS 0x0000000085a00000, 0x0000000085a00000| Untracked 
|  67|0x0000000085b00000, 0x0000000085b00000, 0x0000000085c00000|  0%| F|  |TAMS 0x0000000085b00000, 0x0000000085b00000| Untracked 
|  68|0x0000000085c00000, 0x0000000085c00000, 0x0000000085d00000|  0%| F|  |TAMS 0x0000000085c00000, 0x0000000085c00000| Untracked 
|  69|0x0000000085d00000, 0x0000000085d00000, 0x0000000085e00000|  0%| F|  |TAMS 0x0000000085d00000, 0x0000000085d00000| Untracked 
|  70|0x0000000085e00000, 0x0000000085e00000, 0x0000000085f00000|  0%| F|  |TAMS 0x0000000085e00000, 0x0000000085e00000| Untracked 
|  71|0x0000000085f00000, 0x0000000085f00000, 0x0000000086000000|  0%| F|  |TAMS 0x0000000085f00000, 0x0000000085f00000| Untracked 
|  72|0x0000000086000000, 0x0000000086000000, 0x0000000086100000|  0%| F|  |TAMS 0x0000000086000000, 0x0000000086000000| Untracked 
|  73|0x0000000086100000, 0x0000000086100000, 0x0000000086200000|  0%| F|  |TAMS 0x0000000086100000, 0x0000000086100000| Untracked 
|  74|0x0000000086200000, 0x0000000086200000, 0x0000000086300000|  0%| F|  |TAMS 0x0000000086200000, 0x0000000086200000| Untracked 
|  75|0x0000000086300000, 0x0000000086300000, 0x0000000086400000|  0%| F|  |TAMS 0x0000000086300000, 0x0000000086300000| Untracked 
|  76|0x0000000086400000, 0x0000000086400000, 0x0000000086500000|  0%| F|  |TAMS 0x0000000086400000, 0x0000000086400000| Untracked 
|  77|0x0000000086500000, 0x0000000086500000, 0x0000000086600000|  0%| F|  |TAMS 0x0000000086500000, 0x0000000086500000| Untracked 
|  78|0x0000000086600000, 0x0000000086600000, 0x0000000086700000|  0%| F|  |TAMS 0x0000000086600000, 0x0000000086600000| Untracked 
|  79|0x0000000086700000, 0x0000000086700000, 0x0000000086800000|  0%| F|  |TAMS 0x0000000086700000, 0x0000000086700000| Untracked 
|  80|0x0000000086800000, 0x0000000086800000, 0x0000000086900000|  0%| F|  |TAMS 0x0000000086800000, 0x0000000086800000| Untracked 
|  81|0x0000000086900000, 0x0000000086900000, 0x0000000086a00000|  0%| F|  |TAMS 0x0000000086900000, 0x0000000086900000| Untracked 
|  82|0x0000000086a00000, 0x0000000086a00000, 0x0000000086b00000|  0%| F|  |TAMS 0x0000000086a00000, 0x0000000086a00000| Untracked 
|  83|0x0000000086b00000, 0x0000000086b00000, 0x0000000086c00000|  0%| F|  |TAMS 0x0000000086b00000, 0x0000000086b00000| Untracked 
|  84|0x0000000086c00000, 0x0000000086c00000, 0x0000000086d00000|  0%| F|  |TAMS 0x0000000086c00000, 0x0000000086c00000| Untracked 
|  85|0x0000000086d00000, 0x0000000086d00000, 0x0000000086e00000|  0%| F|  |TAMS 0x0000000086d00000, 0x0000000086d00000| Untracked 
|  86|0x0000000086e00000, 0x0000000086e00000, 0x0000000086f00000|  0%| F|  |TAMS 0x0000000086e00000, 0x0000000086e00000| Untracked 
|  87|0x0000000086f00000, 0x0000000086f00000, 0x0000000087000000|  0%| F|  |TAMS 0x0000000086f00000, 0x0000000086f00000| Untracked 
|  88|0x0000000087000000, 0x0000000087000000, 0x0000000087100000|  0%| F|  |TAMS 0x0000000087000000, 0x0000000087000000| Untracked 
|  89|0x0000000087100000, 0x0000000087100000, 0x0000000087200000|  0%| F|  |TAMS 0x0000000087100000, 0x0000000087100000| Untracked 
|  90|0x0000000087200000, 0x0000000087200000, 0x0000000087300000|  0%| F|  |TAMS 0x0000000087200000, 0x0000000087200000| Untracked 
|  91|0x0000000087300000, 0x0000000087300000, 0x0000000087400000|  0%| F|  |TAMS 0x0000000087300000, 0x0000000087300000| Untracked 
|  92|0x0000000087400000, 0x0000000087400000, 0x0000000087500000|  0%| F|  |TAMS 0x0000000087400000, 0x0000000087400000| Untracked 
|  93|0x0000000087500000, 0x0000000087500000, 0x0000000087600000|  0%| F|  |TAMS 0x0000000087500000, 0x0000000087500000| Untracked 
|  94|0x0000000087600000, 0x0000000087600000, 0x0000000087700000|  0%| F|  |TAMS 0x0000000087600000, 0x0000000087600000| Untracked 
|  95|0x0000000087700000, 0x0000000087700000, 0x0000000087800000|  0%| F|  |TAMS 0x0000000087700000, 0x0000000087700000| Untracked 
|  96|0x0000000087800000, 0x0000000087800000, 0x0000000087900000|  0%| F|  |TAMS 0x0000000087800000, 0x0000000087800000| Untracked 
|  97|0x0000000087900000, 0x0000000087900000, 0x0000000087a00000|  0%| F|  |TAMS 0x0000000087900000, 0x0000000087900000| Untracked 
|  98|0x0000000087a00000, 0x0000000087a43b60, 0x0000000087b00000| 26%| S|CS|TAMS 0x0000000087a00000, 0x0000000087a00000| Complete 
|  99|0x0000000087b00000, 0x0000000087c00000, 0x0000000087c00000|100%| S|CS|TAMS 0x0000000087b00000, 0x0000000087b00000| Complete 
| 100|0x0000000087c00000, 0x0000000087d00000, 0x0000000087d00000|100%| S|CS|TAMS 0x0000000087c00000, 0x0000000087c00000| Complete 
| 101|0x0000000087d00000, 0x0000000087e00000, 0x0000000087e00000|100%| S|CS|TAMS 0x0000000087d00000, 0x0000000087d00000| Complete 
| 102|0x0000000087e00000, 0x0000000087e00000, 0x0000000087f00000|  0%| F|  |TAMS 0x0000000087e00000, 0x0000000087e00000| Untracked 
| 103|0x0000000087f00000, 0x0000000087f00000, 0x0000000088000000|  0%| F|  |TAMS 0x0000000087f00000, 0x0000000087f00000| Untracked 
| 104|0x0000000088000000, 0x0000000088000000, 0x0000000088100000|  0%| F|  |TAMS 0x0000000088000000, 0x0000000088000000| Untracked 
| 105|0x0000000088100000, 0x0000000088100000, 0x0000000088200000|  0%| F|  |TAMS 0x0000000088100000, 0x0000000088100000| Untracked 
| 106|0x0000000088200000, 0x0000000088200000, 0x0000000088300000|  0%| F|  |TAMS 0x0000000088200000, 0x0000000088200000| Untracked 
| 107|0x0000000088300000, 0x0000000088300000, 0x0000000088400000|  0%| F|  |TAMS 0x0000000088300000, 0x0000000088300000| Untracked 
| 108|0x0000000088400000, 0x0000000088400000, 0x0000000088500000|  0%| F|  |TAMS 0x0000000088400000, 0x0000000088400000| Untracked 
| 109|0x0000000088500000, 0x0000000088500000, 0x0000000088600000|  0%| F|  |TAMS 0x0000000088500000, 0x0000000088500000| Untracked 
| 110|0x0000000088600000, 0x0000000088600000, 0x0000000088700000|  0%| F|  |TAMS 0x0000000088600000, 0x0000000088600000| Untracked 
| 111|0x0000000088700000, 0x0000000088700000, 0x0000000088800000|  0%| F|  |TAMS 0x0000000088700000, 0x0000000088700000| Untracked 
| 112|0x0000000088800000, 0x0000000088800000, 0x0000000088900000|  0%| F|  |TAMS 0x0000000088800000, 0x0000000088800000| Untracked 
| 113|0x0000000088900000, 0x0000000088900000, 0x0000000088a00000|  0%| F|  |TAMS 0x0000000088900000, 0x0000000088900000| Untracked 
| 114|0x0000000088a00000, 0x0000000088a00000, 0x0000000088b00000|  0%| F|  |TAMS 0x0000000088a00000, 0x0000000088a00000| Untracked 
| 115|0x0000000088b00000, 0x0000000088b00000, 0x0000000088c00000|  0%| F|  |TAMS 0x0000000088b00000, 0x0000000088b00000| Untracked 
| 116|0x0000000088c00000, 0x0000000088c00000, 0x0000000088d00000|  0%| F|  |TAMS 0x0000000088c00000, 0x0000000088c00000| Untracked 
| 117|0x0000000088d00000, 0x0000000088e00000, 0x0000000088e00000|100%| E|  |TAMS 0x0000000088d00000, 0x0000000088d00000| Complete 
| 118|0x0000000088e00000, 0x0000000088f00000, 0x0000000088f00000|100%| E|CS|TAMS 0x0000000088e00000, 0x0000000088e00000| Complete 
| 119|0x0000000088f00000, 0x0000000089000000, 0x0000000089000000|100%| E|CS|TAMS 0x0000000088f00000, 0x0000000088f00000| Complete 
| 120|0x0000000089000000, 0x0000000089100000, 0x0000000089100000|100%| E|CS|TAMS 0x0000000089000000, 0x0000000089000000| Complete 
| 121|0x0000000089100000, 0x0000000089200000, 0x0000000089200000|100%| E|CS|TAMS 0x0000000089100000, 0x0000000089100000| Complete 
| 122|0x0000000089200000, 0x0000000089300000, 0x0000000089300000|100%| E|CS|TAMS 0x0000000089200000, 0x0000000089200000| Complete 
| 123|0x0000000089300000, 0x0000000089400000, 0x0000000089400000|100%| E|CS|TAMS 0x0000000089300000, 0x0000000089300000| Complete 
| 124|0x0000000089400000, 0x0000000089500000, 0x0000000089500000|100%| E|CS|TAMS 0x0000000089400000, 0x0000000089400000| Complete 
| 125|0x0000000089500000, 0x0000000089600000, 0x0000000089600000|100%| E|CS|TAMS 0x0000000089500000, 0x0000000089500000| Complete 
| 126|0x0000000089600000, 0x0000000089700000, 0x0000000089700000|100%| E|CS|TAMS 0x0000000089600000, 0x0000000089600000| Complete 
| 127|0x0000000089700000, 0x0000000089800000, 0x0000000089800000|100%| E|CS|TAMS 0x0000000089700000, 0x0000000089700000| Complete 

Card table byte_map: [0x000001b94c2b0000,0x000001b94c6b0000] _byte_map_base: 0x000001b94bea4000

Marking Bits (Prev, Next): (CMBitMap*) 0x000001b934cc0210, (CMBitMap*) 0x000001b934cc0250
 Prev Bits: [0x000001b94cab0000, 0x000001b94ea50000)
 Next Bits: [0x000001b94ea50000, 0x000001b9509f0000)

Polling page: 0x000001b934450000

Metaspace:

Usage:
  Non-class:     15.81 MB capacity,    15.62 MB ( 99%) used,   174.59 KB (  1%) free+waste,    24.06 KB ( <1%) overhead. 
      Class:      2.14 MB capacity,     2.04 MB ( 95%) used,    97.08 KB (  4%) free+waste,     9.75 KB ( <1%) overhead. 
       Both:     17.96 MB capacity,    17.66 MB ( 98%) used,   271.67 KB (  1%) free+waste,    33.81 KB ( <1%) overhead. 

Virtual space:
  Non-class space:       16.00 MB reserved,      16.00 MB (100%) committed 
      Class space:        1.00 GB reserved,       2.25 MB ( <1%) committed 
             Both:        1.02 GB reserved,      18.25 MB (  2%) committed 

Chunk freelists:
   Non-Class:  0 bytes
       Class:  14.00 KB
        Both:  14.00 KB

MaxMetaspaceSize: 17179869184.00 GB
CompressedClassSpaceSize: 1.00 GB

CodeHeap 'non-profiled nmethods': size=120000Kb used=820Kb max_used=820Kb free=119179Kb
 bounds [0x000001b944980000, 0x000001b944bf0000, 0x000001b94beb0000]
CodeHeap 'profiled nmethods': size=120000Kb used=4111Kb max_used=4111Kb free=115889Kb
 bounds [0x000001b93d450000, 0x000001b93d860000, 0x000001b944980000]
CodeHeap 'non-nmethods': size=5760Kb used=1249Kb max_used=1261Kb free=4510Kb
 bounds [0x000001b93ceb0000, 0x000001b93d120000, 0x000001b93d450000]
 total_blobs=2590 nmethods=2087 adapters=413
 compilation: enabled
              stopped_count=0, restarted_count=0
 full_count=0

Compilation events (20 events):
Event: 4.053 Thread 0x000001b952ecad30 nmethod 2074 0x000001b93d849510 code [0x000001b93d8496e0, 0x000001b93d849a18]
Event: 4.053 Thread 0x000001b952ecad30 2075       3       java.lang.invoke.MethodHandleImpl$IntrinsicMethodHandle::<init> (20 bytes)
Event: 4.053 Thread 0x000001b952ecad30 nmethod 2075 0x000001b93d849b90 code [0x000001b93d849d60, 0x000001b93d84a338]
Event: 4.054 Thread 0x000001b952ecad30 2076       3       java.lang.Class::getDeclaredConstructors (27 bytes)
Event: 4.054 Thread 0x000001b952ecad30 nmethod 2076 0x000001b93d84a490 code [0x000001b93d84a680, 0x000001b93d84a998]
Event: 4.054 Thread 0x000001b952ecad30 2077       3       java.util.stream.ReferencePipeline$3::opWrapSink (10 bytes)
Event: 4.054 Thread 0x000001b952ecad30 nmethod 2077 0x000001b93d84ab10 code [0x000001b93d84ad00, 0x000001b93d84b2c8]
Event: 4.054 Thread 0x000001b952ecad30 2078       3       java.util.stream.ReferencePipeline$3$1::<init> (11 bytes)
Event: 4.055 Thread 0x000001b952ecad30 nmethod 2078 0x000001b93d84b490 code [0x000001b93d84b660, 0x000001b93d84bb48]
Event: 4.058 Thread 0x000001b952ec7c80 nmethod 2055 0x000001b944a4b490 code [0x000001b944a4b680, 0x000001b944a4c7c8]
Event: 4.061 Thread 0x000001b952ecad30 2079       3       java.lang.Class::getMethodsRecursive (99 bytes)
Event: 4.061 Thread 0x000001b952ecad30 nmethod 2079 0x000001b93d84bd10 code [0x000001b93d84bf40, 0x000001b93d84c4c8]
Event: 4.061 Thread 0x000001b952ecad30 2080       3       java.util.stream.AbstractPipeline::sourceSpliterator (265 bytes)
Event: 4.063 Thread 0x000001b952ecad30 nmethod 2080 0x000001b93d84c810 code [0x000001b93d84ca80, 0x000001b93d84d868]
Event: 4.064 Thread 0x000001b952ecad30 2081       3       com.google.gson.stream.JsonReader::nextNonWhitespace (354 bytes)
Event: 4.066 Thread 0x000001b952ecad30 nmethod 2081 0x000001b93d84dd10 code [0x000001b93d84e1a0, 0x000001b93d8500d8]
Event: 4.169 Thread 0x000001b952ecad30 2082       3       com.google.common.collect.CollectPreconditions::checkEntryNotNull (68 bytes)
Event: 4.170 Thread 0x000001b952ecad30 nmethod 2082 0x000001b93d850c10 code [0x000001b93d850f40, 0x000001b93d851f68]
Event: 4.214 Thread 0x000001b952ecad30 2083       3       com.google.common.collect.AbstractIndexedListIterator::hasNext (17 bytes)
Event: 4.215 Thread 0x000001b952ecad30 nmethod 2083 0x000001b93d852510 code [0x000001b93d8526a0, 0x000001b93d8527f8]

GC Heap History (6 events):
Event: 1.502 GC heap before
{Heap before GC invocations=0 (full 0):
 garbage-first heap   total 131072K, used 12288K [0x0000000081800000, 0x0000000100000000)
  region size 1024K, 13 young (13312K), 0 survivors (0K)
 Metaspace       used 5512K, capacity 6042K, committed 6272K, reserved 1056768K
  class space    used 581K, capacity 629K, committed 640K, reserved 1048576K
}
Event: 1.520 GC heap after
{Heap after GC invocations=1 (full 0):
 garbage-first heap   total 131072K, used 4890K [0x0000000081800000, 0x0000000100000000)
  region size 1024K, 2 young (2048K), 2 survivors (2048K)
 Metaspace       used 5512K, capacity 6042K, committed 6272K, reserved 1056768K
  class space    used 581K, capacity 629K, committed 640K, reserved 1048576K
}
Event: 2.254 GC heap before
{Heap before GC invocations=1 (full 0):
 garbage-first heap   total 131072K, used 13082K [0x0000000081800000, 0x0000000100000000)
  region size 1024K, 11 young (11264K), 2 survivors (2048K)
 Metaspace       used 8268K, capacity 8435K, committed 8704K, reserved 1056768K
  class space    used 898K, capacity 973K, committed 1024K, reserved 1048576K
}
Event: 2.258 GC heap after
{Heap after GC invocations=2 (full 0):
 garbage-first heap   total 131072K, used 5567K [0x0000000081800000, 0x0000000100000000)
  region size 1024K, 1 young (1024K), 1 survivors (1024K)
 Metaspace       used 8268K, capacity 8435K, committed 8704K, reserved 1056768K
  class space    used 898K, capacity 973K, committed 1024K, reserved 1048576K
}
Event: 3.844 GC heap before
{Heap before GC invocations=2 (full 0):
 garbage-first heap   total 131072K, used 30143K [0x0000000081800000, 0x0000000100000000)
  region size 1024K, 26 young (26624K), 1 survivors (1024K)
 Metaspace       used 15689K, capacity 15954K, committed 16256K, reserved 1062912K
  class space    used 1738K, capacity 1832K, committed 1920K, reserved 1048576K
}
Event: 3.851 GC heap after
{Heap after GC invocations=3 (full 0):
 garbage-first heap   total 131072K, used 8416K [0x0000000081800000, 0x0000000100000000)
  region size 1024K, 4 young (4096K), 4 survivors (4096K)
 Metaspace       used 15689K, capacity 15954K, committed 16256K, reserved 1062912K
  class space    used 1738K, capacity 1832K, committed 1920K, reserved 1048576K
}

Deoptimization events (20 events):
Event: 3.624 Thread 0x000001b934c7fd70 Uncommon trap: trap_request=0xffffff45 fr.pc=0x000001b944a1b5ac relative=0x00000000000005ec
Event: 3.624 Thread 0x000001b934c7fd70 Uncommon trap: reason=unstable_if action=reinterpret pc=0x000001b944a1b5ac method=java.lang.StringLatin1.regionMatchesCI([BI[BII)Z @ 72 c2
Event: 3.624 Thread 0x000001b934c7fd70 DEOPT PACKING pc=0x000001b944a1b5ac sp=0x000000b8fc2f8cd0
Event: 3.624 Thread 0x000001b934c7fd70 DEOPT UNPACKING pc=0x000001b93cefe42f sp=0x000000b8fc2f8b98 mode 2
Event: 3.692 Thread 0x000001b934c7fd70 Uncommon trap: trap_request=0xffffff45 fr.pc=0x000001b944a32640 relative=0x00000000000002a0
Event: 3.692 Thread 0x000001b934c7fd70 Uncommon trap: reason=unstable_if action=reinterpret pc=0x000001b944a32640 method=java.util.StringTokenizer.scanToken(I)I @ 42 c2
Event: 3.692 Thread 0x000001b934c7fd70 DEOPT PACKING pc=0x000001b944a32640 sp=0x000000b8fc2f9ba0
Event: 3.692 Thread 0x000001b934c7fd70 DEOPT UNPACKING pc=0x000001b93cefe42f sp=0x000000b8fc2f9b30 mode 2
Event: 3.782 Thread 0x000001b934c7fd70 Uncommon trap: trap_request=0xffffff45 fr.pc=0x000001b944a27f4c relative=0x00000000000001ac
Event: 3.782 Thread 0x000001b934c7fd70 Uncommon trap: reason=unstable_if action=reinterpret pc=0x000001b944a27f4c method=java.io.ByteArrayInputStream.read()I @ 8 c2
Event: 3.782 Thread 0x000001b934c7fd70 DEOPT PACKING pc=0x000001b944a27f4c sp=0x000000b8fc2fa590
Event: 3.782 Thread 0x000001b934c7fd70 DEOPT UNPACKING pc=0x000001b93cefe42f sp=0x000000b8fc2fa548 mode 2
Event: 3.912 Thread 0x000001b934c7fd70 Uncommon trap: trap_request=0xffffff45 fr.pc=0x000001b944a11154 relative=0x0000000000002a14
Event: 3.912 Thread 0x000001b934c7fd70 Uncommon trap: reason=unstable_if action=reinterpret pc=0x000001b944a11154 method=jdk.internal.org.objectweb.asm.Type.getArgumentsAndReturnSizes(Ljava/lang/String;)I @ 123 c2
Event: 3.912 Thread 0x000001b934c7fd70 DEOPT PACKING pc=0x000001b944a11154 sp=0x000000b8fc2fa8e0
Event: 3.912 Thread 0x000001b934c7fd70 DEOPT UNPACKING pc=0x000001b93cefe42f sp=0x000000b8fc2fa788 mode 2
Event: 3.979 Thread 0x000001b934c7fd70 Uncommon trap: trap_request=0xffffff45 fr.pc=0x000001b944a2c624 relative=0x0000000000000404
Event: 3.979 Thread 0x000001b934c7fd70 Uncommon trap: reason=unstable_if action=reinterpret pc=0x000001b944a2c624 method=java.io.ByteArrayInputStream.read([BII)I @ 35 c2
Event: 3.979 Thread 0x000001b934c7fd70 DEOPT PACKING pc=0x000001b944a2c624 sp=0x000000b8fc2fba60
Event: 3.979 Thread 0x000001b934c7fd70 DEOPT UNPACKING pc=0x000001b93cefe42f sp=0x000000b8fc2fba20 mode 2

Classes unloaded (0 events):
No events

Classes redefined (0 events):
No events

Internal exceptions (20 events):
Event: 2.079 Thread 0x000001b934c7fd70 Exception <a 'java/lang/NoSuchMethodError'{0x00000000892ed608}: 'java.lang.Object java.lang.invoke.DirectMethodHandle$Holder.invokeSpecialIFC(java.lang.Object, java.lang.Object, java.lang.Object, java.lang.Object, java.lang.Object)'> (0x00000000892ed608) 
thrown [./open/src/hotspot/share/interpreter/linkResolver.cpp, line 782]
Event: 2.710 Thread 0x000001b934c7fd70 Exception <a 'java/lang/IncompatibleClassChangeError'{0x0000000089198188}: Found class java.lang.Object, but interface was expected> (0x0000000089198188) 
thrown [./open/src/hotspot/share/interpreter/linkResolver.cpp, line 848]
Event: 2.732 Thread 0x000001b934c7fd70 Exception <a 'java/lang/NoSuchMethodError'{0x00000000891da7e0}: 'java.lang.Object java.lang.invoke.DirectMethodHandle$Holder.newInvokeSpecial(java.lang.Object, java.lang.Object, java.lang.Object, java.lang.Object, java.lang.Object)'> (0x00000000891da7e0) 
thrown [./open/src/hotspot/share/interpreter/linkResolver.cpp, line 782]
Event: 2.733 Thread 0x000001b934c7fd70 Exception <a 'sun/nio/fs/WindowsException'{0x00000000891df0c8}> (0x00000000891df0c8) 
thrown [./open/src/hotspot/share/prims/jni.cpp, line 578]
Event: 2.756 Thread 0x000001b934c7fd70 Exception <a 'sun/nio/fs/WindowsException'{0x000000008904d550}> (0x000000008904d550) 
thrown [./open/src/hotspot/share/prims/jni.cpp, line 578]
Event: 2.757 Thread 0x000001b934c7fd70 Exception <a 'java/lang/NoSuchMethodError'{0x000000008904f680}: 'void java.lang.invoke.DirectMethodHandle$Holder.invokeSpecial(java.lang.Object, java.lang.Object, java.lang.Object, java.lang.Object, java.lang.Object)'> (0x000000008904f680) 
thrown [./open/src/hotspot/share/interpreter/linkResolver.cpp, line 782]
Event: 3.290 Thread 0x000001b934c7fd70 Exception <a 'java/lang/NoSuchMethodError'{0x00000000888ac880}: 'void java.lang.invoke.DirectMethodHandle$Holder.invokeVirtual(java.lang.Object, java.lang.Object, java.lang.Object, java.lang.Object)'> (0x00000000888ac880) 
thrown [./open/src/hotspot/share/interpreter/linkResolver.cpp, line 782]
Event: 3.620 Thread 0x000001b934c7fd70 Exception <a 'sun/nio/fs/WindowsException'{0x00000000882b85c0}> (0x00000000882b85c0) 
thrown [./open/src/hotspot/share/prims/jni.cpp, line 578]
Event: 3.656 Thread 0x000001b934c7fd70 Exception <a 'java/lang/NoSuchMethodError'{0x00000000882d9370}: 'int java.lang.invoke.DirectMethodHandle$Holder.invokeStaticInit(java.lang.Object, java.lang.Object, java.lang.Object, java.lang.Object)'> (0x00000000882d9370) 
thrown [./open/src/hotspot/share/interpreter/linkResolver.cpp, line 782]
Event: 3.832 Thread 0x000001b934c7fd70 Exception <a 'java/lang/NoSuchMethodError'{0x0000000087ec9950}: 'java.lang.Object java.lang.invoke.DirectMethodHandle$Holder.invokeStaticInit(java.lang.Object, java.lang.Object, java.lang.Object)'> (0x0000000087ec9950) 
thrown [./open/src/hotspot/share/interpreter/linkResolver.cpp, line 782]
Event: 3.840 Thread 0x000001b934c7fd70 Exception <a 'java/lang/NoSuchMethodError'{0x0000000087eed1a0}: 'java.lang.Object java.lang.invoke.DirectMethodHandle$Holder.invokeInterface(java.lang.Object, java.lang.Object, java.lang.Object)'> (0x0000000087eed1a0) 
thrown [./open/src/hotspot/share/interpreter/linkResolver.cpp, line 782]
Event: 3.841 Thread 0x000001b934c7fd70 Exception <a 'java/lang/IncompatibleClassChangeError'{0x0000000087ef0ce0}: Found class java.lang.Object, but interface was expected> (0x0000000087ef0ce0) 
thrown [./open/src/hotspot/share/interpreter/linkResolver.cpp, line 848]
Event: 3.912 Thread 0x000001b934c7fd70 Exception <a 'java/lang/NoSuchMethodError'{0x0000000089538450}: 'double java.lang.invoke.DirectMethodHandle$Holder.invokeStatic(java.lang.Object, java.lang.Object)'> (0x0000000089538450) 
thrown [./open/src/hotspot/share/interpreter/linkResolver.cpp, line 782]
Event: 3.913 Thread 0x000001b934c7fd70 Exception <a 'java/lang/NoSuchMethodError'{0x000000008953ed28}: 'float java.lang.invoke.DirectMethodHandle$Holder.invokeStatic(java.lang.Object, java.lang.Object)'> (0x000000008953ed28) 
thrown [./open/src/hotspot/share/interpreter/linkResolver.cpp, line 782]
Event: 3.914 Thread 0x000001b934c7fd70 Exception <a 'java/lang/NoSuchMethodError'{0x0000000089547f20}: 'long java.lang.invoke.DirectMethodHandle$Holder.invokeStatic(java.lang.Object, java.lang.Object)'> (0x0000000089547f20) 
thrown [./open/src/hotspot/share/interpreter/linkResolver.cpp, line 782]
Event: 3.918 Thread 0x000001b934c7fd70 Exception <a 'java/lang/NoSuchMethodError'{0x0000000089566638}: 'java.lang.Object java.lang.invoke.DirectMethodHandle$Holder.invokeVirtual(java.lang.Object, java.lang.Object, java.lang.Object)'> (0x0000000089566638) 
thrown [./open/src/hotspot/share/interpreter/linkResolver.cpp, line 782]
Event: 3.951 Thread 0x000001b934c7fd70 Exception <a 'java/lang/NoSuchMethodError'{0x00000000894779e8}: 'java.lang.Object java.lang.invoke.DirectMethodHandle$Holder.newInvokeSpecial(java.lang.Object, int, java.lang.Object)'> (0x00000000894779e8) 
thrown [./open/src/hotspot/share/interpreter/linkResolver.cpp, line 782]
Event: 3.978 Thread 0x000001b934c7fd70 Exception <a 'java/lang/NoSuchMethodError'{0x0000000089315ff0}: 'void java.lang.invoke.DirectMethodHandle$Holder.invokeVirtual(java.lang.Object, java.lang.Object)'> (0x0000000089315ff0) 
thrown [./open/src/hotspot/share/interpreter/linkResolver.cpp, line 782]
Event: 4.015 Thread 0x000001b934c7fd70 Exception <a 'java/lang/NoSuchMethodError'{0x000000008925daa8}: 'void java.lang.invoke.DirectMethodHandle$Holder.invokeStatic(java.lang.Object, java.lang.Object, java.lang.Object, java.lang.Object, java.lang.Object, java.lang.Object)'> (0x000000008925daa8) 
thrown [./open/src/hotspot/share/interpreter/linkResolver.cpp, line 782]
Event: 4.020 Thread 0x000001b934c7fd70 Exception <a 'java/lang/NoSuchMethodError'{0x000000008927ec90}: 'void java.lang.invoke.DirectMethodHandle$Holder.invokeInterface(java.lang.Object, java.lang.Object, java.lang.Object)'> (0x000000008927ec90) 
thrown [./open/src/hotspot/share/interpreter/linkResolver.cpp, line 782]

Events (20 events):
Event: 4.012 loading class java/util/TreeMap$TreeMapSpliterator
Event: 4.012 loading class java/util/TreeMap$TreeMapSpliterator done
Event: 4.012 loading class java/util/TreeMap$EntrySpliterator done
Event: 4.017 loading class java/util/stream/StreamSpliterators$WrappingSpliterator
Event: 4.017 loading class java/util/stream/StreamSpliterators$AbstractWrappingSpliterator
Event: 4.017 loading class java/util/stream/StreamSpliterators$AbstractWrappingSpliterator done
Event: 4.017 loading class java/util/stream/StreamSpliterators$WrappingSpliterator done
Event: 4.020 Thread 0x000001b95474f710 Thread added: 0x000001b95474f710
Event: 4.020 Thread 0x000001b9548a6110 Thread added: 0x000001b9548a6110
Event: 4.021 loading class java/util/stream/StreamSpliterators
Event: 4.021 loading class java/util/stream/StreamSpliterators done
Event: 4.027 Thread 0x000001b954a19fd0 Thread added: 0x000001b954a19fd0
Event: 4.050 loading class java/util/stream/Streams$ConcatSpliterator$OfRef
Event: 4.050 loading class java/util/stream/Streams$ConcatSpliterator
Event: 4.050 loading class java/util/stream/Streams$ConcatSpliterator done
Event: 4.050 loading class java/util/stream/Streams$ConcatSpliterator$OfRef done
Event: 4.050 loading class java/util/stream/Streams$2
Event: 4.050 loading class java/util/stream/Streams$2 done
Event: 4.193 loading class java/util/DualPivotQuicksort
Event: 4.193 loading class java/util/DualPivotQuicksort done


Dynamic libraries:
0x00007ff640000000 - 0x00007ff64000f000 	C:\Program Files\Java\jdk-15.0.2\bin\java.exe
0x00007ff998170000 - 0x00007ff998365000 	C:\Windows\SYSTEM32\ntdll.dll
0x00007ff997260000 - 0x00007ff99731e000 	C:\Windows\System32\KERNEL32.DLL
0x00007ff995cd0000 - 0x00007ff995f98000 	C:\Windows\System32\KERNELBASE.dll
0x00007ff995890000 - 0x00007ff995990000 	C:\Windows\System32\ucrtbase.dll
0x00007ff991520000 - 0x00007ff991539000 	C:\Program Files\Java\jdk-15.0.2\bin\VCRUNTIME140.dll
0x00007ff991500000 - 0x00007ff991518000 	C:\Program Files\Java\jdk-15.0.2\bin\jli.dll
0x00007ff997ce0000 - 0x00007ff997d8e000 	C:\Windows\System32\ADVAPI32.dll
0x00007ff998020000 - 0x00007ff9980be000 	C:\Windows\System32\msvcrt.dll
0x00007ff996f60000 - 0x00007ff996ffc000 	C:\Windows\System32\sechost.dll
0x00007ff997e80000 - 0x00007ff997fa5000 	C:\Windows\System32\RPCRT4.dll
0x00007ff996c90000 - 0x00007ff996e30000 	C:\Windows\System32\USER32.dll
0x00007ff995fa0000 - 0x00007ff995fc2000 	C:\Windows\System32\win32u.dll
0x00007ff996300000 - 0x00007ff99632b000 	C:\Windows\System32\GDI32.dll
0x00007ff995a70000 - 0x00007ff995b7b000 	C:\Windows\System32\gdi32full.dll
0x00007ff995fd0000 - 0x00007ff99606d000 	C:\Windows\System32\msvcp_win.dll
0x00007ff984ac0000 - 0x00007ff984d5a000 	C:\Windows\WinSxS\amd64_microsoft.windows.common-controls_6595b64144ccf1df_6.0.19041.1110_none_60b5254171f9507e\COMCTL32.dll
0x00007ff989190000 - 0x00007ff98919a000 	C:\Windows\SYSTEM32\VERSION.dll
0x00007ff9974e0000 - 0x00007ff997510000 	C:\Windows\System32\IMM32.DLL
0x00007ff9914f0000 - 0x00007ff9914fc000 	C:\Program Files\Java\jdk-15.0.2\bin\vcruntime140_1.dll
0x00007ff962870000 - 0x00007ff962901000 	C:\Program Files\Java\jdk-15.0.2\bin\msvcp140.dll
0x00007ff91efa0000 - 0x00007ff91fafe000 	C:\Program Files\Java\jdk-15.0.2\bin\server\jvm.dll
0x00007ff9980c0000 - 0x00007ff9980c8000 	C:\Windows\System32\PSAPI.DLL
0x00007ff98e360000 - 0x00007ff98e369000 	C:\Windows\SYSTEM32\WSOCK32.dll
0x00007ff997fb0000 - 0x00007ff99801b000 	C:\Windows\System32\WS2_32.dll
0x00007ff9863e0000 - 0x00007ff986407000 	C:\Windows\SYSTEM32\WINMM.dll
0x00007ff9937a0000 - 0x00007ff9937b2000 	C:\Windows\SYSTEM32\kernel.appcore.dll
0x00007ff9914e0000 - 0x00007ff9914ea000 	C:\Program Files\Java\jdk-15.0.2\bin\jimage.dll
0x00007ff987570000 - 0x00007ff987754000 	C:\Windows\SYSTEM32\DBGHELP.DLL
0x00007ff987540000 - 0x00007ff98756c000 	C:\Windows\SYSTEM32\dbgcore.DLL
0x00007ff995990000 - 0x00007ff995a12000 	C:\Windows\System32\bcryptPrimitives.dll
0x00007ff991420000 - 0x00007ff99142e000 	C:\Program Files\Java\jdk-15.0.2\bin\instrument.dll
0x00007ff9914b0000 - 0x00007ff9914d5000 	C:\Program Files\Java\jdk-15.0.2\bin\java.dll
0x00007ff9964b0000 - 0x00007ff996bf4000 	C:\Windows\System32\SHELL32.dll
0x00007ff9939a0000 - 0x00007ff994134000 	C:\Windows\SYSTEM32\windows.storage.dll
0x00007ff997510000 - 0x00007ff997864000 	C:\Windows\System32\combase.dll
0x00007ff995280000 - 0x00007ff9952ac000 	C:\Windows\SYSTEM32\Wldp.dll
0x00007ff997320000 - 0x00007ff9973cd000 	C:\Windows\System32\SHCORE.dll
0x00007ff996e30000 - 0x00007ff996e85000 	C:\Windows\System32\shlwapi.dll
0x00007ff9957d0000 - 0x00007ff9957ef000 	C:\Windows\SYSTEM32\profapi.dll
0x00007ff9680a0000 - 0x00007ff9680b8000 	C:\Program Files\Java\jdk-15.0.2\bin\zip.dll
0x00007ff991490000 - 0x00007ff9914a9000 	C:\Program Files\Java\jdk-15.0.2\bin\net.dll
0x00007ff98aca0000 - 0x00007ff98ada9000 	C:\Windows\SYSTEM32\WINHTTP.dll
0x00007ff994fe0000 - 0x00007ff99504a000 	C:\Windows\system32\mswsock.dll
0x00007ff9908e0000 - 0x00007ff9908f2000 	C:\Program Files\Java\jdk-15.0.2\bin\nio.dll
0x00007ff979c90000 - 0x00007ff979caa000 	G:\IntelliJ IDEA Community Edition 2021.3.1\bin\breakgen64.dll
0x00007ff9951d0000 - 0x00007ff9951e8000 	C:\Windows\SYSTEM32\CRYPTSP.dll
0x00007ff994960000 - 0x00007ff994994000 	C:\Windows\system32\rsaenh.dll
0x00007ff995b80000 - 0x00007ff995ba7000 	C:\Windows\System32\bcrypt.dll
0x00007ff995790000 - 0x00007ff9957be000 	C:\Windows\SYSTEM32\USERENV.dll
0x00007ff9951f0000 - 0x00007ff9951fc000 	C:\Windows\SYSTEM32\CRYPTBASE.dll
0x00007ff994cd0000 - 0x00007ff994d0b000 	C:\Windows\SYSTEM32\IPHLPAPI.DLL
0x00007ff997e70000 - 0x00007ff997e78000 	C:\Windows\System32\NSI.dll
0x00007ff98eaf0000 - 0x00007ff98eb07000 	C:\Windows\SYSTEM32\dhcpcsvc6.DLL
0x00007ff98ead0000 - 0x00007ff98eaed000 	C:\Windows\SYSTEM32\dhcpcsvc.DLL
0x00007ff994d10000 - 0x00007ff994dda000 	C:\Windows\SYSTEM32\DNSAPI.dll
0x00007ff968080000 - 0x00007ff968090000 	C:\Program Files\Java\jdk-15.0.2\bin\verify.dll
0x00007ff9913f0000 - 0x00007ff9913fd000 	C:\Program Files\Java\jdk-15.0.2\bin\sunmscapi.dll
0x00007ff996070000 - 0x00007ff9961c6000 	C:\Windows\System32\CRYPT32.dll
0x00007ff9952f0000 - 0x00007ff995317000 	C:\Windows\SYSTEM32\ncrypt.dll
0x00007ff9952b0000 - 0x00007ff9952eb000 	C:\Windows\SYSTEM32\NTASN1.dll

dbghelp: loaded successfully - version: 4.0.5 - missing functions: none
symbol engine: initialized successfully - sym options: 0x614 - pdb path: .;C:\Program Files\Java\jdk-15.0.2\bin;C:\Windows\SYSTEM32;C:\Windows\WinSxS\amd64_microsoft.windows.common-controls_6595b64144ccf1df_6.0.19041.1110_none_60b5254171f9507e;C:\Program Files\Java\jdk-15.0.2\bin\server;G:\IntelliJ IDEA Community Edition 2021.3.1\bin

VM Arguments:
jvm_args: -ea -Didea.test.cyclic.buffer.size=1048576 -javaagent:G:\IntelliJ IDEA Community Edition 2021.3.1\lib\idea_rt.jar=52782:G:\IntelliJ IDEA Community Edition 2021.3.1\bin -Dfile.encoding=UTF-8 
java_command: com.intellij.rt.testng.RemoteTestNGStarter -usedefaultlisteners false -socket52781 @w@C:\Users\thinkpad\AppData\Local\Temp\idea_working_dirs_testng.tmp -temp C:\Users\thinkpad\AppData\Local\Temp\idea_testng.tmp
java_class_path (initial): G:\IntelliJ IDEA Community Edition 2021.3.1\lib\idea_rt.jar;G:\IntelliJ IDEA Community Edition 2021.3.1\plugins\testng\lib\testng-rt.jar;C:\Users\thinkpad\HuyVQ_AT.Automation test for Mobile.Practice1.T01\target\classes;C:\Users\thinkpad\.m2\repository\io\appium\java-client\6.1.0\java-client-6.1.0.jar;C:\Users\thinkpad\.m2\repository\org\seleniumhq\selenium\selenium-java\3.12.0\selenium-java-3.12.0.jar;C:\Users\thinkpad\.m2\repository\org\seleniumhq\selenium\selenium-chrome-driver\3.12.0\selenium-chrome-driver-3.12.0.jar;C:\Users\thinkpad\.m2\repository\org\seleniumhq\selenium\selenium-edge-driver\3.12.0\selenium-edge-driver-3.12.0.jar;C:\Users\thinkpad\.m2\repository\org\seleniumhq\selenium\selenium-firefox-driver\3.12.0\selenium-firefox-driver-3.12.0.jar;C:\Users\thinkpad\.m2\repository\org\seleniumhq\selenium\selenium-ie-driver\3.12.0\selenium-ie-driver-3.12.0.jar;C:\Users\thinkpad\.m2\repository\org\seleniumhq\selenium\selenium-opera-driver\3.12.0\selenium-opera-driver-3.12.0.jar;C:\Users\thinkpad\.m2\repository\org\seleniumhq\selenium\selenium-remote-driver\3.12.0\selenium-remote-driver-3.12.0.jar;C:\Users\thinkpad\.m2\repository\org\seleniumhq\selenium\selenium-safari-driver\3.12.0\selenium-safari-driver-3.12.0.jar;C:\Users\thinkpad\.m2\repository\net\bytebuddy\byte-buddy\1.8.3\byte-buddy-1.8.3.jar;C:\Users\thinkpad\.m2\repository\org\apache\commons\commons-exec\1.3\commons-exec-1.3.jar;C:\Users\thinkpad\.m2\repository\commons-codec\commons-codec\1.10\commons-codec-1.10.jar;C:\Users\thinkpad\.m2\repository\commons-logging\commons-logging\1.2\commons-logging-1.2.jar;C:\Users\thinkpad\.m2\repository\com\google\guava\guava\23.6-jre\guava-23.6-jre.jar;C:\Users\thinkpad\.m2\repository\com\google\code\findbugs\jsr305\1.3.9\jsr305-1.3.9.jar;C:\Users\thinkpad\.m2\repository\org\checkerframework\checker-compat-qual\2.0.0\checker-compat-qual-2.0.0.jar;C:\Users\thinkpad\.m2\repository\com\google\errorprone\error_prone_annotations\2.1.3\error_
Launcher Type: SUN_STANDARD

[Global flags]
     intx CICompilerCount                          = 3                                         {product} {ergonomic}
     uint ConcGCThreads                            = 1                                         {product} {ergonomic}
     uint G1ConcRefinementThreads                  = 4                                         {product} {ergonomic}
   size_t G1HeapRegionSize                         = 1048576                                   {product} {ergonomic}
    uintx GCDrainStackTargetSize                   = 64                                        {product} {ergonomic}
   size_t InitialHeapSize                          = 134217728                                 {product} {ergonomic}
   size_t MarkStackSize                            = 4194304                                   {product} {ergonomic}
   size_t MaxHeapSize                              = 2122317824                                {product} {ergonomic}
   size_t MaxNewSize                               = 1272971264                                {product} {ergonomic}
   size_t MinHeapDeltaBytes                        = 1048576                                   {product} {ergonomic}
   size_t MinHeapSize                              = 8388608                                   {product} {ergonomic}
    uintx NonNMethodCodeHeapSize                   = 5832780                                {pd product} {ergonomic}
    uintx NonProfiledCodeHeapSize                  = 122912730                              {pd product} {ergonomic}
    uintx ProfiledCodeHeapSize                     = 122912730                              {pd product} {ergonomic}
    uintx ReservedCodeCacheSize                    = 251658240                              {pd product} {ergonomic}
     bool SegmentedCodeCache                       = true                                      {product} {ergonomic}
   size_t SoftMaxHeapSize                          = 2122317824                             {manageable} {ergonomic}
     bool UseCompressedClassPointers               = true                                 {lp64_product} {ergonomic}
     bool UseCompressedOops                        = true                                 {lp64_product} {ergonomic}
     bool UseG1GC                                  = true                                      {product} {ergonomic}
     bool UseLargePagesIndividualAllocation        = false                                  {pd product} {ergonomic}

Logging:
Log output configuration:
 #0: stdout all=warning uptime,level,tags
 #1: stderr all=off uptime,level,tags

Environment Variables:
JAVA_HOME=C:\Program Files\Java\jdk-15.0.2
PATH=C:\Program Files\Microsoft MPI\Bin\;C:\Program Files\Common Files\Oracle\Java\javapath;C:\Program Files (x86)\Common Files\Oracle\Java\javapath;C:\Program Files (x86)\VMware\VMware Workstation\bin\;C:\Windows\system32;C:\Windows;C:\Windows\System32\Wbem;C:\Windows\System32\WindowsPowerShell\v1.0\;C:\Windows\System32\OpenSSH\;C:\Program Files\Java\jdk-15.0.2\bin;C:\Program Files\Azure Data Studio\bin;C:\Program Files\Microsoft SQL Server\Client SDK\ODBC\130\Tools\Binn\;C:\Program Files (x86)\Microsoft SQL Server\140\Tools\Binn\;C:\Program Files\Microsoft SQL Server\140\Tools\Binn\;C:\Program Files\Microsoft SQL Server\140\DTS\Binn\;C:\Program Files (x86)\Microsoft SQL Server\140\DTS\Binn\;C:\Program Files (x86)\Microsoft SQL Server\150\DTS\Binn\;C:\Users\thinkpad\AppData\Local\Microsoft\WindowsApps;C:\Program Files\Azure Data Studio\bin;C:\Users\thinkpad\AppData\Local\Android\Sdk\platform-tools;
USERNAME=thinkpad
OS=Windows_NT
PROCESSOR_IDENTIFIER=Intel64 Family 6 Model 60 Stepping 3, GenuineIntel



---------------  S Y S T E M  ---------------

OS:
 Windows 10 , 64 bit Build 19041 (10.0.19041.1566)
OS uptime: 0 days 2:22 hours

CPU: total 4 (initial active 4) (2 cores per cpu, 2 threads per core) family 6 model 60 stepping 3 microcode 0x27, cmov, cx8, fxsr, mmx, sse, sse2, sse3, ssse3, sse4.1, sse4.2, popcnt, vzeroupper, avx, avx2, aes, clmul, erms, lzcnt, ht, tsc, tscinvbit, bmi1, bmi2, fma, clflush

Memory: 4k page, system-wide physical 8088M (739M free)
TotalPageFile size 11798M (AvailPageFile size 28M)
current process WorkingSet (physical memory assigned to process): 120M, peak: 120M
current process commit charge ("private bytes"): 251M, peak: 252M

vm_info: Java HotSpot(TM) 64-Bit Server VM (15.0.2+7-27) for windows-amd64 JRE (15.0.2+7-27), built on Dec  7 2020 20:07:01 by "mach5one" with unknown MS VC++:1925

END.
